[debug] [2020-05-07T09:13:29.551Z] ----------------------------------------------------------------------
[debug] [2020-05-07T09:13:29.557Z] Command:       /usr/local/bin/node /usr/local/bin/firebase serve
[debug] [2020-05-07T09:13:29.558Z] CLI Version:   8.2.0
[debug] [2020-05-07T09:13:29.558Z] Platform:      darwin
[debug] [2020-05-07T09:13:29.559Z] Node Version:  v12.14.1
[debug] [2020-05-07T09:13:29.593Z] Time:          Thu May 07 2020 05:13:29 GMT-0400 (Eastern Daylight Time)
[debug] [2020-05-07T09:13:29.593Z] ----------------------------------------------------------------------
[debug] [2020-05-07T09:13:29.594Z] 
[debug] [2020-05-07T09:13:29.893Z] > command requires scopes: ["email","openid","https://www.googleapis.com/auth/cloudplatformprojects.readonly","https://www.googleapis.com/auth/firebase","https://www.googleapis.com/auth/cloud-platform"]
[debug] [2020-05-07T09:13:29.898Z] > authorizing via signed-in user
[debug] [2020-05-07T09:13:29.899Z] [iam] checking project projects-page-65b11 for permissions ["firebase.projects.get"]
[debug] [2020-05-07T09:13:29.904Z] > refreshing access token with scopes: ["email","https://www.googleapis.com/auth/cloud-platform","https://www.googleapis.com/auth/cloudplatformprojects.readonly","https://www.googleapis.com/auth/firebase","openid"]
[debug] [2020-05-07T09:13:29.905Z] >>> HTTP REQUEST POST https://www.googleapis.com/oauth2/v3/token  
 <request body omitted>
[debug] [2020-05-07T09:13:30.964Z] <<< HTTP RESPONSE 200 {"content-type":"application/json; charset=utf-8","vary":"X-Origin, Referer, Origin,Accept-Encoding","date":"Thu, 07 May 2020 09:13:30 GMT","server":"scaffolding on HTTPServer2","cache-control":"private","x-xss-protection":"0","x-frame-options":"SAMEORIGIN","x-content-type-options":"nosniff","alt-svc":"h3-27=\":443\"; ma=2592000,h3-25=\":443\"; ma=2592000,h3-Q050=\":443\"; ma=2592000,h3-Q049=\":443\"; ma=2592000,h3-Q048=\":443\"; ma=2592000,h3-Q046=\":443\"; ma=2592000,h3-Q043=\":443\"; ma=2592000,quic=\":443\"; ma=2592000; v=\"46,43\"","accept-ranges":"none","transfer-encoding":"chunked"}
[debug] [2020-05-07T09:13:31.002Z] >>> HTTP REQUEST POST https://cloudresourcemanager.googleapis.com/v1/projects/projects-page-65b11:testIamPermissions  
 {"permissions":["firebase.projects.get"]}
[debug] [2020-05-07T09:13:31.314Z] <<< HTTP RESPONSE 200 {"content-type":"application/json; charset=UTF-8","vary":"X-Origin, Referer, Origin,Accept-Encoding","date":"Thu, 07 May 2020 09:13:31 GMT","server":"ESF","cache-control":"private","x-xss-protection":"0","x-frame-options":"SAMEORIGIN","x-content-type-options":"nosniff","server-timing":"gfet4t7; dur=157","alt-svc":"h3-27=\":443\"; ma=2592000,h3-25=\":443\"; ma=2592000,h3-Q050=\":443\"; ma=2592000,h3-Q049=\":443\"; ma=2592000,h3-Q048=\":443\"; ma=2592000,h3-Q046=\":443\"; ma=2592000,h3-Q043=\":443\"; ma=2592000,quic=\":443\"; ma=2592000; v=\"46,43\"","accept-ranges":"none","transfer-encoding":"chunked"}
[debug] [2020-05-07T09:13:31.316Z] >>> HTTP REQUEST GET https://firebase.googleapis.com/v1beta1/projects/projects-page-65b11  
 
[debug] [2020-05-07T09:13:31.705Z] <<< HTTP RESPONSE 200 {"content-type":"application/json; charset=UTF-8","vary":"X-Origin, Referer, Origin,Accept-Encoding","date":"Thu, 07 May 2020 09:13:31 GMT","server":"ESF","cache-control":"private","x-xss-protection":"0","x-frame-options":"SAMEORIGIN","x-content-type-options":"nosniff","alt-svc":"h3-Q050=\":443\"; ma=2592000,h3-Q049=\":443\"; ma=2592000,h3-Q048=\":443\"; ma=2592000,h3-Q046=\":443\"; ma=2592000,h3-Q043=\":443\"; ma=2592000,quic=\":443\"; ma=2592000; v=\"46,43\"","accept-ranges":"none","transfer-encoding":"chunked"}
[info] 
[info] === Serving from '/Users/mookie.me.you/Desktop/Builds/projects_react'...
[info] 
[debug] [2020-05-07T09:13:31.711Z] >>> HTTP REQUEST GET https://firebase.googleapis.com/v1beta1/projects/projects-page-65b11/webApps/-/config  
 
[debug] [2020-05-07T09:13:32.311Z] <<< HTTP RESPONSE 200 {"content-type":"application/json; charset=UTF-8","vary":"X-Origin, Referer, Origin,Accept-Encoding","date":"Thu, 07 May 2020 09:13:32 GMT","server":"ESF","cache-control":"private","x-xss-protection":"0","x-frame-options":"SAMEORIGIN","x-content-type-options":"nosniff","alt-svc":"h3-Q050=\":443\"; ma=2592000,h3-Q049=\":443\"; ma=2592000,h3-Q048=\":443\"; ma=2592000,h3-Q046=\":443\"; ma=2592000,h3-Q043=\":443\"; ma=2592000,quic=\":443\"; ma=2592000; v=\"46,43\"","accept-ranges":"none","transfer-encoding":"chunked"}
[info] i  hosting: Serving hosting files from: build
[info] ✔  hosting: Local server: http://localhost:5000
